===== Sun Nov 23 12:33:29 UTC 2025 =====


============================ ROCm System Management Interface ============================
================================== Memory Usage (Bytes) ==================================
GPU[0]		: VRAM Total Memory (B): 68702699520
GPU[0]		: VRAM Total Used Memory (B): 11051008
GPU[1]		: VRAM Total Memory (B): 68702699520
GPU[1]		: VRAM Total Used Memory (B): 11051008
GPU[2]		: VRAM Total Memory (B): 68702699520
GPU[2]		: VRAM Total Used Memory (B): 11051008
GPU[3]		: VRAM Total Memory (B): 68702699520
GPU[3]		: VRAM Total Used Memory (B): 11063296
==========================================================================================
================================== End of ROCm SMI Log ===================================

===== Sun Nov 23 12:38:30 UTC 2025 =====


============================ ROCm System Management Interface ============================
================================== Memory Usage (Bytes) ==================================
GPU[0]		: VRAM Total Memory (B): 68702699520
GPU[0]		: VRAM Total Used Memory (B): 18852782080
GPU[1]		: VRAM Total Memory (B): 68702699520
GPU[1]		: VRAM Total Used Memory (B): 18473861120
GPU[2]		: VRAM Total Memory (B): 68702699520
GPU[2]		: VRAM Total Used Memory (B): 18456498176
GPU[3]		: VRAM Total Memory (B): 68702699520
GPU[3]		: VRAM Total Used Memory (B): 20668887040
==========================================================================================
================================== End of ROCm SMI Log ===================================

===== Sun Nov 23 12:43:30 UTC 2025 =====


============================ ROCm System Management Interface ============================
================================== Memory Usage (Bytes) ==================================
GPU[0]		: VRAM Total Memory (B): 68702699520
GPU[0]		: VRAM Total Used Memory (B): 21923659776
GPU[1]		: VRAM Total Memory (B): 68702699520
GPU[1]		: VRAM Total Used Memory (B): 22838652928
GPU[2]		: VRAM Total Memory (B): 68702699520
GPU[2]		: VRAM Total Used Memory (B): 18457083904
GPU[3]		: VRAM Total Memory (B): 68702699520
GPU[3]		: VRAM Total Used Memory (B): 20671561728
==========================================================================================
================================== End of ROCm SMI Log ===================================

===== Sun Nov 23 12:48:30 UTC 2025 =====


============================ ROCm System Management Interface ============================
================================== Memory Usage (Bytes) ==================================
GPU[0]		: VRAM Total Memory (B): 68702699520
GPU[0]		: VRAM Total Used Memory (B): 25126535168
GPU[1]		: VRAM Total Memory (B): 68702699520
GPU[1]		: VRAM Total Used Memory (B): 22841286656
GPU[2]		: VRAM Total Memory (B): 68702699520
GPU[2]		: VRAM Total Used Memory (B): 21540495360
GPU[3]		: VRAM Total Memory (B): 68702699520
GPU[3]		: VRAM Total Used Memory (B): 20672040960
==========================================================================================
================================== End of ROCm SMI Log ===================================

