===== Sun Nov 23 10:04:04 UTC 2025 =====


============================ ROCm System Management Interface ============================
================================== Memory Usage (Bytes) ==================================
GPU[0]		: VRAM Total Memory (B): 68702699520
GPU[0]		: VRAM Total Used Memory (B): 11046912
GPU[1]		: VRAM Total Memory (B): 68702699520
GPU[1]		: VRAM Total Used Memory (B): 11321344
GPU[2]		: VRAM Total Memory (B): 68702699520
GPU[2]		: VRAM Total Used Memory (B): 11046912
GPU[3]		: VRAM Total Memory (B): 68702699520
GPU[3]		: VRAM Total Used Memory (B): 28610498560
==========================================================================================
================================== End of ROCm SMI Log ===================================

===== Sun Nov 23 10:14:27 UTC 2025 =====


============================ ROCm System Management Interface ============================
================================== Memory Usage (Bytes) ==================================
GPU[0]		: VRAM Total Memory (B): 68702699520
GPU[0]		: VRAM Total Used Memory (B): 11046912
GPU[1]		: VRAM Total Memory (B): 68702699520
GPU[1]		: VRAM Total Used Memory (B): 11321344
GPU[2]		: VRAM Total Memory (B): 68702699520
GPU[2]		: VRAM Total Used Memory (B): 11046912
GPU[3]		: VRAM Total Memory (B): 68702699520
GPU[3]		: VRAM Total Used Memory (B): 28610498560
==========================================================================================
================================== End of ROCm SMI Log ===================================

===== Sun Nov 23 10:43:52 UTC 2025 =====


============================ ROCm System Management Interface ============================
================================== Memory Usage (Bytes) ==================================
GPU[0]		: VRAM Total Memory (B): 68702699520
GPU[0]		: VRAM Total Used Memory (B): 11051008
GPU[1]		: VRAM Total Memory (B): 68702699520
GPU[1]		: VRAM Total Used Memory (B): 11051008
GPU[2]		: VRAM Total Memory (B): 68702699520
GPU[2]		: VRAM Total Used Memory (B): 11051008
GPU[3]		: VRAM Total Memory (B): 68702699520
GPU[3]		: VRAM Total Used Memory (B): 11063296
==========================================================================================
================================== End of ROCm SMI Log ===================================

===== Sun Nov 23 10:48:52 UTC 2025 =====


============================ ROCm System Management Interface ============================
================================== Memory Usage (Bytes) ==================================
GPU[0]		: VRAM Total Memory (B): 68702699520
GPU[0]		: VRAM Total Used Memory (B): 27320963072
GPU[1]		: VRAM Total Memory (B): 68702699520
GPU[1]		: VRAM Total Used Memory (B): 25089933312
GPU[2]		: VRAM Total Memory (B): 68702699520
GPU[2]		: VRAM Total Used Memory (B): 24896671744
GPU[3]		: VRAM Total Memory (B): 68702699520
GPU[3]		: VRAM Total Used Memory (B): 28478537728
==========================================================================================
================================== End of ROCm SMI Log ===================================

===== Sun Nov 23 10:53:52 UTC 2025 =====


============================ ROCm System Management Interface ============================
================================== Memory Usage (Bytes) ==================================
GPU[0]		: VRAM Total Memory (B): 68702699520
GPU[0]		: VRAM Total Used Memory (B): 34617667584
GPU[1]		: VRAM Total Memory (B): 68702699520
GPU[1]		: VRAM Total Used Memory (B): 29454839808
GPU[2]		: VRAM Total Memory (B): 68702699520
GPU[2]		: VRAM Total Used Memory (B): 29007781888
GPU[3]		: VRAM Total Memory (B): 68702699520
GPU[3]		: VRAM Total Used Memory (B): 28479172608
==========================================================================================
================================== End of ROCm SMI Log ===================================

===== Sun Nov 23 10:58:53 UTC 2025 =====


============================ ROCm System Management Interface ============================
================================== Memory Usage (Bytes) ==================================
GPU[0]		: VRAM Total Memory (B): 68702699520
GPU[0]		: VRAM Total Used Memory (B): 34618163200
GPU[1]		: VRAM Total Memory (B): 68702699520
GPU[1]		: VRAM Total Used Memory (B): 29455396864
GPU[2]		: VRAM Total Memory (B): 68702699520
GPU[2]		: VRAM Total Used Memory (B): 29008404480
GPU[3]		: VRAM Total Memory (B): 68702699520
GPU[3]		: VRAM Total Used Memory (B): 28479782912
==========================================================================================
================================== End of ROCm SMI Log ===================================

===== Sun Nov 23 11:03:53 UTC 2025 =====


============================ ROCm System Management Interface ============================
================================== Memory Usage (Bytes) ==================================
GPU[0]		: VRAM Total Memory (B): 68702699520
GPU[0]		: VRAM Total Used Memory (B): 34618802176
GPU[1]		: VRAM Total Memory (B): 68702699520
GPU[1]		: VRAM Total Used Memory (B): 29455949824
GPU[2]		: VRAM Total Memory (B): 68702699520
GPU[2]		: VRAM Total Used Memory (B): 29008928768
GPU[3]		: VRAM Total Memory (B): 68702699520
GPU[3]		: VRAM Total Used Memory (B): 31732985856
==========================================================================================
================================== End of ROCm SMI Log ===================================

===== Sun Nov 23 11:08:53 UTC 2025 =====


============================ ROCm System Management Interface ============================
================================== Memory Usage (Bytes) ==================================
GPU[0]		: VRAM Total Memory (B): 68702699520
GPU[0]		: VRAM Total Used Memory (B): 34623180800
GPU[1]		: VRAM Total Memory (B): 68702699520
GPU[1]		: VRAM Total Used Memory (B): 29461876736
GPU[2]		: VRAM Total Memory (B): 68702699520
GPU[2]		: VRAM Total Used Memory (B): 29013057536
GPU[3]		: VRAM Total Memory (B): 68702699520
GPU[3]		: VRAM Total Used Memory (B): 31737331712
==========================================================================================
================================== End of ROCm SMI Log ===================================

===== Sun Nov 23 11:13:54 UTC 2025 =====


============================ ROCm System Management Interface ============================
================================== Memory Usage (Bytes) ==================================
GPU[0]		: VRAM Total Memory (B): 68702699520
GPU[0]		: VRAM Total Used Memory (B): 34623586304
GPU[1]		: VRAM Total Memory (B): 68702699520
GPU[1]		: VRAM Total Used Memory (B): 29462294528
GPU[2]		: VRAM Total Memory (B): 68702699520
GPU[2]		: VRAM Total Used Memory (B): 29013528576
GPU[3]		: VRAM Total Memory (B): 68702699520
GPU[3]		: VRAM Total Used Memory (B): 31737798656
==========================================================================================
================================== End of ROCm SMI Log ===================================

===== Sun Nov 23 11:18:54 UTC 2025 =====


============================ ROCm System Management Interface ============================
================================== Memory Usage (Bytes) ==================================
GPU[0]		: VRAM Total Memory (B): 68702699520
GPU[0]		: VRAM Total Used Memory (B): 37889257472
GPU[1]		: VRAM Total Memory (B): 68702699520
GPU[1]		: VRAM Total Used Memory (B): 29463191552
GPU[2]		: VRAM Total Memory (B): 68702699520
GPU[2]		: VRAM Total Used Memory (B): 32574795776
GPU[3]		: VRAM Total Memory (B): 68702699520
GPU[3]		: VRAM Total Used Memory (B): 31738249216
==========================================================================================
================================== End of ROCm SMI Log ===================================

