===== Sun Nov 23 09:00:03 UTC 2025 =====


============================ ROCm System Management Interface ============================
================================== Memory Usage (Bytes) ==================================
GPU[0]		: VRAM Total Memory (B): 68702699520
GPU[0]		: VRAM Total Used Memory (B): 11046912
GPU[1]		: VRAM Total Memory (B): 68702699520
GPU[1]		: VRAM Total Used Memory (B): 11321344
GPU[2]		: VRAM Total Memory (B): 68702699520
GPU[2]		: VRAM Total Used Memory (B): 11046912
GPU[3]		: VRAM Total Memory (B): 68702699520
GPU[3]		: VRAM Total Used Memory (B): 28610498560
==========================================================================================
================================== End of ROCm SMI Log ===================================

===== Sun Nov 23 09:05:03 UTC 2025 =====


============================ ROCm System Management Interface ============================
================================== Memory Usage (Bytes) ==================================
GPU[0]		: VRAM Total Memory (B): 68702699520
GPU[0]		: VRAM Total Used Memory (B): 21648195584
GPU[1]		: VRAM Total Memory (B): 68702699520
GPU[1]		: VRAM Total Used Memory (B): 22739349504
GPU[2]		: VRAM Total Memory (B): 68702699520
GPU[2]		: VRAM Total Used Memory (B): 21937930240
GPU[3]		: VRAM Total Memory (B): 68702699520
GPU[3]		: VRAM Total Used Memory (B): 53661745152
==========================================================================================
================================== End of ROCm SMI Log ===================================

===== Sun Nov 23 09:10:04 UTC 2025 =====


============================ ROCm System Management Interface ============================
================================== Memory Usage (Bytes) ==================================
GPU[0]		: VRAM Total Memory (B): 68702699520
GPU[0]		: VRAM Total Used Memory (B): 28944891904
GPU[1]		: VRAM Total Memory (B): 68702699520
GPU[1]		: VRAM Total Used Memory (B): 27104235520
GPU[2]		: VRAM Total Memory (B): 68702699520
GPU[2]		: VRAM Total Used Memory (B): 26049036288
GPU[3]		: VRAM Total Memory (B): 68702699520
GPU[3]		: VRAM Total Used Memory (B): 53662375936
==========================================================================================
================================== End of ROCm SMI Log ===================================

===== Sun Nov 23 09:15:04 UTC 2025 =====


============================ ROCm System Management Interface ============================
================================== Memory Usage (Bytes) ==================================
GPU[0]		: VRAM Total Memory (B): 68702699520
GPU[0]		: VRAM Total Used Memory (B): 28948848640
GPU[1]		: VRAM Total Memory (B): 68702699520
GPU[1]		: VRAM Total Used Memory (B): 27107332096
GPU[2]		: VRAM Total Memory (B): 68702699520
GPU[2]		: VRAM Total Used Memory (B): 26051809280
GPU[3]		: VRAM Total Memory (B): 68702699520
GPU[3]		: VRAM Total Used Memory (B): 53663322112
==========================================================================================
================================== End of ROCm SMI Log ===================================

===== Sun Nov 23 09:20:05 UTC 2025 =====


============================ ROCm System Management Interface ============================
================================== Memory Usage (Bytes) ==================================
GPU[0]		: VRAM Total Memory (B): 68702699520
GPU[0]		: VRAM Total Used Memory (B): 28949422080
GPU[1]		: VRAM Total Memory (B): 68702699520
GPU[1]		: VRAM Total Used Memory (B): 27107876864
GPU[2]		: VRAM Total Memory (B): 68702699520
GPU[2]		: VRAM Total Used Memory (B): 26052386816
GPU[3]		: VRAM Total Memory (B): 68702699520
GPU[3]		: VRAM Total Used Memory (B): 53663817728
==========================================================================================
================================== End of ROCm SMI Log ===================================

===== Sun Nov 23 09:25:05 UTC 2025 =====


============================ ROCm System Management Interface ============================
================================== Memory Usage (Bytes) ==================================
GPU[0]		: VRAM Total Memory (B): 68702699520
GPU[0]		: VRAM Total Used Memory (B): 28949966848
GPU[1]		: VRAM Total Memory (B): 68702699520
GPU[1]		: VRAM Total Used Memory (B): 27108356096
GPU[2]		: VRAM Total Memory (B): 68702699520
GPU[2]		: VRAM Total Used Memory (B): 26052820992
GPU[3]		: VRAM Total Memory (B): 68702699520
GPU[3]		: VRAM Total Used Memory (B): 56916914176
==========================================================================================
================================== End of ROCm SMI Log ===================================

===== Sun Nov 23 09:30:06 UTC 2025 =====


============================ ROCm System Management Interface ============================
================================== Memory Usage (Bytes) ==================================
GPU[0]		: VRAM Total Memory (B): 68702699520
GPU[0]		: VRAM Total Used Memory (B): 28950417408
GPU[1]		: VRAM Total Memory (B): 68702699520
GPU[1]		: VRAM Total Used Memory (B): 27108769792
GPU[2]		: VRAM Total Memory (B): 68702699520
GPU[2]		: VRAM Total Used Memory (B): 26053234688
GPU[3]		: VRAM Total Memory (B): 68702699520
GPU[3]		: VRAM Total Used Memory (B): 56917381120
==========================================================================================
================================== End of ROCm SMI Log ===================================

===== Sun Nov 23 09:35:06 UTC 2025 =====


============================ ROCm System Management Interface ============================
================================== Memory Usage (Bytes) ==================================
GPU[0]		: VRAM Total Memory (B): 68702699520
GPU[0]		: VRAM Total Used Memory (B): 28950753280
GPU[1]		: VRAM Total Memory (B): 68702699520
GPU[1]		: VRAM Total Used Memory (B): 27109076992
GPU[2]		: VRAM Total Memory (B): 68702699520
GPU[2]		: VRAM Total Used Memory (B): 26053570560
GPU[3]		: VRAM Total Memory (B): 68702699520
GPU[3]		: VRAM Total Used Memory (B): 56917782528
==========================================================================================
================================== End of ROCm SMI Log ===================================

===== Sun Nov 23 09:40:06 UTC 2025 =====


============================ ROCm System Management Interface ============================
================================== Memory Usage (Bytes) ==================================
GPU[0]		: VRAM Total Memory (B): 68702699520
GPU[0]		: VRAM Total Used Memory (B): 11161600
GPU[1]		: VRAM Total Memory (B): 68702699520
GPU[1]		: VRAM Total Used Memory (B): 11436032
GPU[2]		: VRAM Total Memory (B): 68702699520
GPU[2]		: VRAM Total Used Memory (B): 11161600
GPU[3]		: VRAM Total Memory (B): 68702699520
GPU[3]		: VRAM Total Used Memory (B): 28610613248
==========================================================================================
================================== End of ROCm SMI Log ===================================

